  bspline.cc
  matrix3x3.cc
  trimesh.cc
  vector.cc
  mc.cc
  tables.cc
  gCamera.cpp
  GLconversions.cpp
  GLDebugMessageCallback.cpp
  Mesh_OGL3.cpp
C:\Users\valyis\Desktop\ImplicitSurfaces\01_OGLBase\Includes\Mesh_OGL3.cpp(48,65): warning C4267: 'argument': conversion from 'size_t' to 'GLsizei', possible loss of data
  ObjParser_OGL3.cpp
  ProgramObject.cpp
  ShaderObject.cpp
  VertexArrayObject.cpp
  main.cpp
  MyApp.cpp
C:\Users\valyis\Desktop\ImplicitSurfaces\01_OGLBase\MyApp.cpp(5,10): fatal error C1083: Cannot open include file: 'autodiff/forward/dual.hpp': No such file or directory
  imgui.cpp
T:\OGLPack\include\imgui\imgui.cpp(10996,163): warning C4267: 'argument': conversion from 'size_t' to 'int', possible loss of data
T:\OGLPack\include\imgui\imgui.cpp(11001,161): warning C4267: 'argument': conversion from 'size_t' to 'int', possible loss of data
T:\OGLPack\include\imgui\imgui.cpp(11124,158): warning C4267: 'argument': conversion from 'size_t' to 'int', possible loss of data
T:\OGLPack\include\imgui\imgui.cpp(11128,160): warning C4267: 'argument': conversion from 'size_t' to 'int', possible loss of data
  imgui_demo.cpp
  imgui_draw.cpp
  imgui_impl_sdl_gl3.cpp
